\BOOKMARK [1][-]{section.1}{\376\377\000E\000i\000g\000e\000n\000v\000a\000l\000u\000e}{}% 1
\BOOKMARK [2][-]{subsection.1.1}{\376\377\000E\000x\000p\000r\000e\000s\000s\000i\000o\000n}{section.1}% 2
\BOOKMARK [1][-]{section.2}{\376\377\000A\000l\000g\000o\000r\000i\000t\000h\000m\000s}{}% 3
\BOOKMARK [1][-]{section.3}{\376\377\000C\000h\000o\000s\000e\000n\000\040\000A\000l\000g\000o\000r\000i\000t\000h\000m}{}% 4
\BOOKMARK [2][-]{subsection.3.1}{\376\377\000Q\000R\000\040\000d\000e\000c\000o\000m\000p\000o\000s\000i\000t\000i\000o\000n}{section.3}% 5
\BOOKMARK [3][-]{subsubsection.3.1.1}{\376\377\000I\000n\000t\000r\000o\000d\000u\000c\000t\000i\000o\000n}{subsection.3.1}% 6
\BOOKMARK [3][-]{subsubsection.3.1.2}{\376\377\000p\000e\000r\000f\000o\000r\000m\000i\000n\000g\000\040\000Q\000R\000\040\000d\000e\000c\000o\000m\000p\000o\000s\000i\000t\000i\000o\000n}{subsection.3.1}% 7
\BOOKMARK [3][-]{subsubsection.3.1.3}{\376\377\000R\000e\000p\000e\000a\000t\000\040\000Q\000R\000\040\000d\000e\000c\000o\000m\000p\000o\000s\000i\000t\000i\000o\000n}{subsection.3.1}% 8
\BOOKMARK [3][-]{subsubsection.3.1.4}{\376\377\000E\000x\000t\000r\000a\000c\000t\000i\000n\000g\000\040\000e\000i\000g\000e\000n\000v\000a\000l\000u\000e\000s}{subsection.3.1}% 9
\BOOKMARK [2][-]{subsection.3.2}{\376\377\000Q\000R\000\040\000d\000e\000c\000o\000m\000p\000o\000s\000i\000t\000i\000o\000n\000\040\000u\000s\000i\000n\000g\000\040\000H\000o\000u\000s\000e\000h\000o\000l\000d\000e\000r\000\040\000R\000e\000f\000l\000e\000c\000t\000i\000o\000n\000s}{section.3}% 10
\BOOKMARK [1][-]{section.4}{\376\377\000T\000i\000m\000e\000\040\000c\000o\000m\000p\000l\000e\000x\000i\000t\000y}{}% 11
\BOOKMARK [1][-]{section.5}{\376\377\000O\000t\000h\000e\000r\000\040\000i\000n\000s\000i\000g\000h\000t\000s}{}% 12
\BOOKMARK [2][-]{subsection.5.1}{\376\377\000A\000b\000o\000u\000t\000\040\000Q\000R\000\040\000a\000l\000g\000o\000r\000i\000t\000h\000m}{section.5}% 13
\BOOKMARK [2][-]{subsection.5.2}{\376\377\000s\000p\000e\000c\000i\000f\000i\000c\000\040\000t\000y\000p\000e\000s\000\040\000o\000f\000\040\000m\000a\000t\000r\000i\000c\000e\000s}{section.5}% 14
\BOOKMARK [3][-]{subsubsection.5.2.1}{\376\377\000s\000q\000u\000a\000r\000e\000\040\000m\000a\000t\000r\000i\000x}{subsection.5.2}% 15
\BOOKMARK [3][-]{subsubsection.5.2.2}{\376\377\000r\000e\000c\000t\000a\000n\000g\000u\000l\000a\000r\000\040\000m\000a\000t\000r\000i\000x}{subsection.5.2}% 16
\BOOKMARK [3][-]{subsubsection.5.2.3}{\376\377\000s\000p\000e\000c\000i\000a\000l\000\040\000m\000a\000t\000r\000i\000x\000\040\000-\000\040\000s\000p\000a\000r\000s\000e\000\040\000m\000a\000t\000r\000i\000x}{subsection.5.2}% 17
\BOOKMARK [2][-]{subsection.5.3}{\376\377\000c\000o\000n\000v\000e\000r\000g\000e\000n\000c\000e\000\040\000r\000a\000t\000e}{section.5}% 18
\BOOKMARK [2][-]{subsection.5.4}{\376\377\000M\000e\000m\000o\000r\000y\000\040\000u\000s\000a\000g\000e}{section.5}% 19
\BOOKMARK [1][-]{section.6}{\376\377\000C\000o\000m\000p\000a\000r\000i\000n\000g\000\040\000t\000h\000e\000\040\000A\000l\000g\000o\000r\000i\000t\000h\000m\000s}{}% 20
\BOOKMARK [2][-]{subsection.6.1}{\376\377\000Q\000R\000\040\000d\000e\000c\000o\000m\000p\000o\000s\000i\000t\000i\000o\000n}{section.6}% 21
\BOOKMARK [3][-]{subsubsection.6.1.1}{\376\377\000P\000r\000o\000s}{subsection.6.1}% 22
\BOOKMARK [3][-]{subsubsection.6.1.2}{\376\377\000C\000o\000n\000s}{subsection.6.1}% 23
\BOOKMARK [2][-]{subsection.6.2}{\376\377\000P\000o\000w\000e\000r\000\040\000I\000t\000e\000r\000a\000t\000i\000o\000n}{section.6}% 24
\BOOKMARK [3][-]{subsubsection.6.2.1}{\376\377\000P\000r\000o\000s}{subsection.6.2}% 25
\BOOKMARK [3][-]{subsubsection.6.2.2}{\376\377\000C\000o\000n\000s}{subsection.6.2}% 26
\BOOKMARK [2][-]{subsection.6.3}{\376\377\000L\000a\000n\000c\000z\000o\000s\000\040\000A\000l\000g\000o\000r\000i\000t\000h\000m}{section.6}% 27
\BOOKMARK [3][-]{subsubsection.6.3.1}{\376\377\000P\000r\000o\000s}{subsection.6.3}% 28
\BOOKMARK [3][-]{subsubsection.6.3.2}{\376\377\000C\000o\000n\000s}{subsection.6.3}% 29
\BOOKMARK [2][-]{subsection.6.4}{\376\377\000J\000a\000c\000o\000b\000i\000\040\000M\000e\000t\000h\000o\000d}{section.6}% 30
\BOOKMARK [3][-]{subsubsection.6.4.1}{\376\377\000P\000r\000o\000s}{subsection.6.4}% 31
\BOOKMARK [3][-]{subsubsection.6.4.2}{\376\377\000C\000o\000n\000s}{subsection.6.4}% 32
\BOOKMARK [1][-]{section.7}{\376\377\000C\000O\000N\000C\000L\000U\000S\000I\000O\000N\000\040\000-\000\040\000W\000h\000y\000\040\000Q\000R\000!}{}% 33
\BOOKMARK [1][-]{section.7}{\376\377\000R\000e\000f\000e\000r\000e\000n\000c\000e\000s}{}% 34
